<?xml version="1.0" encoding="UTF-8"?>
<testng-results skipped="0" failed="1" ignored="0" total="1" passed="0">
  <reporter-output>
  </reporter-output>
  <suite name="Default suite" duration-ms="11938" started-at="2018-12-20T04:23:53Z" finished-at="2018-12-20T04:24:04Z">
    <groups>
    </groups>
    <test name="Default test" duration-ms="11938" started-at="2018-12-20T04:23:53Z" finished-at="2018-12-20T04:24:04Z">
      <class name="P_2_BasicActionCommands_02.CapturingEntirePageScreenshot">
        <test-method status="PASS" signature="beforetest()[pri:0, instance:P_2_BasicActionCommands_02.CapturingEntirePageScreenshot@59fa1d9b]" name="beforetest" is-config="true" duration-ms="11100" started-at="2018-12-20T04:23:53Z" finished-at="2018-12-20T04:24:04Z">
          <reporter-output>
          </reporter-output>
        </test-method> <!-- beforetest -->
        <test-method status="FAIL" signature="test()[pri:0, instance:P_2_BasicActionCommands_02.CapturingEntirePageScreenshot@59fa1d9b]" name="test" duration-ms="337" started-at="2018-12-20T04:24:04Z" finished-at="2018-12-20T04:24:04Z">
          <exception class="java.io.FileNotFoundException">
            <message>
              <![CDATA[C:\screenshot.jpg (Access is denied)]]>
            </message>
            <full-stacktrace>
              <![CDATA[java.io.FileNotFoundException: C:\screenshot.jpg (Access is denied)
at java.io.FileOutputStream.open0(Native Method)
at java.io.FileOutputStream.open(Unknown Source)
at java.io.FileOutputStream.<init>(Unknown Source)
at java.io.FileOutputStream.<init>(Unknown Source)
at org.apache.commons.io.FileUtils.doCopyFile(FileUtils.java:1123)
at org.apache.commons.io.FileUtils.copyFile(FileUtils.java:1076)
at org.apache.commons.io.FileUtils.copyFile(FileUtils.java:1028)
at P_2_BasicActionCommands_02.CapturingEntirePageScreenshot.test(CapturingEntirePageScreenshot.java:37)
at sun.reflect.NativeMethodAccessorImpl.invoke0(Native Method)
at sun.reflect.NativeMethodAccessorImpl.invoke(Unknown Source)
at sun.reflect.DelegatingMethodAccessorImpl.invoke(Unknown Source)
at java.lang.reflect.Method.invoke(Unknown Source)
at org.testng.internal.MethodInvocationHelper.invokeMethod(MethodInvocationHelper.java:124)
at org.testng.internal.Invoker.invokeMethod(Invoker.java:583)
at org.testng.internal.Invoker.invokeTestMethod(Invoker.java:719)
at org.testng.internal.Invoker.invokeTestMethods(Invoker.java:989)
at org.testng.internal.TestMethodWorker.invokeTestMethods(TestMethodWorker.java:125)
at org.testng.internal.TestMethodWorker.run(TestMethodWorker.java:109)
at org.testng.TestRunner.privateRun(TestRunner.java:648)
at org.testng.TestRunner.run(TestRunner.java:505)
at org.testng.SuiteRunner.runTest(SuiteRunner.java:455)
at org.testng.SuiteRunner.runSequentially(SuiteRunner.java:450)
at org.testng.SuiteRunner.privateRun(SuiteRunner.java:415)
at org.testng.SuiteRunner.run(SuiteRunner.java:364)
at org.testng.SuiteRunnerWorker.runSuite(SuiteRunnerWorker.java:52)
at org.testng.SuiteRunnerWorker.run(SuiteRunnerWorker.java:84)
at org.testng.TestNG.runSuitesSequentially(TestNG.java:1208)
at org.testng.TestNG.runSuitesLocally(TestNG.java:1137)
at org.testng.TestNG.runSuites(TestNG.java:1049)
at org.testng.TestNG.run(TestNG.java:1017)
at org.testng.remote.AbstractRemoteTestNG.run(AbstractRemoteTestNG.java:114)
at org.testng.remote.RemoteTestNG.initAndRun(RemoteTestNG.java:251)
at org.testng.remote.RemoteTestNG.main(RemoteTestNG.java:77)
]]>
            </full-stacktrace>
          </exception> <!-- java.io.FileNotFoundException -->
          <reporter-output>
          </reporter-output>
        </test-method> <!-- test -->
        <test-method status="PASS" signature="aftertest()[pri:0, instance:P_2_BasicActionCommands_02.CapturingEntirePageScreenshot@59fa1d9b]" name="aftertest" is-config="true" duration-ms="449" started-at="2018-12-20T04:24:04Z" finished-at="2018-12-20T04:24:04Z">
          <reporter-output>
          </reporter-output>
        </test-method> <!-- aftertest -->
      </class> <!-- P_2_BasicActionCommands_02.CapturingEntirePageScreenshot -->
    </test> <!-- Default test -->
  </suite> <!-- Default suite -->
</testng-results>
